<?xml version="1.0" encoding="UTF-8"?>
<!-- Generated by org.testng.reporters.JUnitReportReporter -->
<testsuite skipped="5" hostname="BLRB1DT038" name="test.addcustomer.EditCustomer" tests="5" failures="0" timestamp="17 May 2018 03:37:47 GMT" time="0.000" errors="0">
  <testcase name="editsuccessfull" time="0.000" classname="test.addcustomer.EditCustomer">
    <skipped/>
  </testcase> <!-- editsuccessfull -->
  <testcase name="editempty" time="0.000" classname="test.addcustomer.EditCustomer">
    <skipped/>
  </testcase> <!-- editempty -->
  <testcase name="editinvalid" time="0.000" classname="test.addcustomer.EditCustomer">
    <skipped/>
  </testcase> <!-- editinvalid -->
  <testcase name="editduplicate" time="0.000" classname="test.addcustomer.EditCustomer">
    <skipped/>
  </testcase> <!-- editduplicate -->
  <testcase name="editvalidcustomer" time="0.000" classname="test.addcustomer.EditCustomer">
    <skipped/>
  </testcase> <!-- editvalidcustomer -->
</testsuite> <!-- test.addcustomer.EditCustomer -->
