<?xml version="1.0" encoding="UTF-8"?>
<!-- Generated by org.testng.reporters.JUnitReportReporter -->
<testsuite skipped="4" hostname="BLRB1DT038" name="test.addcustomer.AddCustomer" tests="4" failures="0" timestamp="17 May 2018 03:37:47 GMT" time="0.000" errors="0">
  <testcase name="addvalidcustomer" time="0.000" classname="test.addcustomer.AddCustomer">
    <skipped/>
  </testcase> <!-- addvalidcustomer -->
  <testcase name="emptycustomer" time="0.000" classname="test.addcustomer.AddCustomer">
    <skipped/>
  </testcase> <!-- emptycustomer -->
  <testcase name="invalidcustomer" time="0.000" classname="test.addcustomer.AddCustomer">
    <skipped/>
  </testcase> <!-- invalidcustomer -->
  <testcase name="duplicatecustomer" time="0.000" classname="test.addcustomer.AddCustomer">
    <skipped/>
  </testcase> <!-- duplicatecustomer -->
</testsuite> <!-- test.addcustomer.AddCustomer -->
