<?xml version="1.0" encoding="UTF-8"?>
<!-- Generated by org.testng.reporters.JUnitReportReporter -->
<testsuite skipped="4" hostname="BLRB1DT038" name="test.nvod.Edit_nvod" tests="4" failures="0" timestamp="17 May 2018 03:37:47 GMT" time="0.000" errors="0">
  <testcase name="Nvod_Edit" time="0.000" classname="test.nvod.Edit_nvod">
    <skipped/>
  </testcase> <!-- Nvod_Edit -->
  <testcase name="Validate_Nvod_Edit_Without_mandatory_data" time="0.000" classname="test.nvod.Edit_nvod">
    <skipped/>
  </testcase> <!-- Validate_Nvod_Edit_Without_mandatory_data -->
  <testcase name="Validate_Nvod_Edit_With_invalid_data" time="0.000" classname="test.nvod.Edit_nvod">
    <skipped/>
  </testcase> <!-- Validate_Nvod_Edit_With_invalid_data -->
  <testcase name="Validate_Nvod_Edit_With_duplicate_data" time="0.000" classname="test.nvod.Edit_nvod">
    <skipped/>
  </testcase> <!-- Validate_Nvod_Edit_With_duplicate_data -->
</testsuite> <!-- test.nvod.Edit_nvod -->
