<?xml version="1.0" encoding="UTF-8"?>
<!-- Generated by org.testng.reporters.JUnitReportReporter -->
<testsuite skipped="4" hostname="BLRB1DT038" name="test.nvod.Nvodaddtion" tests="4" failures="0" timestamp="17 May 2018 03:37:47 GMT" time="0.000" errors="0">
  <testcase name="addnvod" time="0.000" classname="test.nvod.Nvodaddtion">
    <skipped/>
  </testcase> <!-- addnvod -->
  <testcase name="Validate_Nvod_Create_Without_input" time="0.000" classname="test.nvod.Nvodaddtion">
    <skipped/>
  </testcase> <!-- Validate_Nvod_Create_Without_input -->
  <testcase name="Validate_Nvod_Create_With_invalid_data" time="0.000" classname="test.nvod.Nvodaddtion">
    <skipped/>
  </testcase> <!-- Validate_Nvod_Create_With_invalid_data -->
  <testcase name="Validate_Nvod_create_with_duplicate_data" time="0.000" classname="test.nvod.Nvodaddtion">
    <skipped/>
  </testcase> <!-- Validate_Nvod_create_with_duplicate_data -->
</testsuite> <!-- test.nvod.Nvodaddtion -->
