<?xml version="1.0" encoding="UTF-8"?>
<!-- Generated by org.testng.reporters.JUnitReportReporter -->
<testsuite skipped="3" hostname="BLRB1DT038" name="test.order.InVoice" tests="3" failures="0" timestamp="17 May 2018 03:37:47 GMT" time="0.000" errors="0">
  <testcase name="InVoice_WithoutSelecting" time="0.000" classname="test.order.InVoice">
    <skipped/>
  </testcase> <!-- InVoice_WithoutSelecting -->
  <testcase name="InVoice_WithSelecctingSingle" time="0.000" classname="test.order.InVoice">
    <skipped/>
  </testcase> <!-- InVoice_WithSelecctingSingle -->
  <testcase name="InVoice_WithSelecctingAll" time="0.000" classname="test.order.InVoice">
    <skipped/>
  </testcase> <!-- InVoice_WithSelecctingAll -->
</testsuite> <!-- test.order.InVoice -->
