<?xml version="1.0" encoding="UTF-8"?>
<!-- Generated by org.testng.reporters.JUnitReportReporter -->
<testsuite skipped="9" hostname="BLRB1DT038" name="test.addcustomer.SearchOperation" tests="9" failures="0" timestamp="17 May 2018 03:37:47 GMT" time="0.000" errors="0">
  <testcase name="CustomerNumber" time="0.000" classname="test.addcustomer.SearchOperation">
    <skipped/>
  </testcase> <!-- CustomerNumber -->
  <testcase name="CustomerName" time="0.000" classname="test.addcustomer.SearchOperation">
    <skipped/>
  </testcase> <!-- CustomerName -->
  <testcase name="STBName" time="0.000" classname="test.addcustomer.SearchOperation">
    <skipped/>
  </testcase> <!-- STBName -->
  <testcase name="OPerator" time="0.000" classname="test.addcustomer.SearchOperation">
    <skipped/>
  </testcase> <!-- OPerator -->
  <testcase name="ByGroup" time="0.000" classname="test.addcustomer.SearchOperation">
    <skipped/>
  </testcase> <!-- ByGroup -->
  <testcase name="Status" time="0.000" classname="test.addcustomer.SearchOperation">
    <skipped/>
  </testcase> <!-- Status -->
  <testcase name="Approverd" time="0.000" classname="test.addcustomer.SearchOperation">
    <skipped/>
  </testcase> <!-- Approverd -->
  <testcase name="Date" time="0.000" classname="test.addcustomer.SearchOperation">
    <skipped/>
  </testcase> <!-- Date -->
  <testcase name="InvalidSearch" time="0.000" classname="test.addcustomer.SearchOperation">
    <skipped/>
  </testcase> <!-- InvalidSearch -->
</testsuite> <!-- test.addcustomer.SearchOperation -->
