<?xml version="1.0" encoding="UTF-8"?>
<!-- Generated by org.testng.reporters.JUnitReportReporter -->
<testsuite skipped="9" hostname="BLRB1DT038" name="test.ppv.PPV_Addition" tests="9" failures="0" timestamp="17 May 2018 03:37:47 GMT" time="0.000" errors="0">
  <testcase name="addppv" time="0.000" classname="test.ppv.PPV_Addition">
    <skipped/>
  </testcase> <!-- addppv -->
  <testcase name="empty_new_ppv" time="0.000" classname="test.ppv.PPV_Addition">
    <skipped/>
  </testcase> <!-- empty_new_ppv -->
  <testcase name="invalid_new_ppv" time="0.000" classname="test.ppv.PPV_Addition">
    <skipped/>
  </testcase> <!-- invalid_new_ppv -->
  <testcase name="duplicate_new_ppv" time="0.000" classname="test.ppv.PPV_Addition">
    <skipped/>
  </testcase> <!-- duplicate_new_ppv -->
  <testcase name="checking_cancel_insertion_of_ppv" time="0.000" classname="test.ppv.PPV_Addition">
    <skipped/>
  </testcase> <!-- checking_cancel_insertion_of_ppv -->
  <testcase name="duplicate_event_time_with_same_event_name" time="0.000" classname="test.ppv.PPV_Addition">
    <skipped/>
  </testcase> <!-- duplicate_event_time_with_same_event_name -->
  <testcase name="checking_navigation_to_home_page" time="0.000" classname="test.ppv.PPV_Addition">
    <skipped/>
  </testcase> <!-- checking_navigation_to_home_page -->
  <testcase name="checking_navigation_to_home_page_from_ppv_insertion" time="0.000" classname="test.ppv.PPV_Addition">
    <skipped/>
  </testcase> <!-- checking_navigation_to_home_page_from_ppv_insertion -->
  <testcase name="adddisableppv" time="0.000" classname="test.ppv.PPV_Addition">
    <skipped/>
  </testcase> <!-- adddisableppv -->
</testsuite> <!-- test.ppv.PPV_Addition -->
