<?xml version="1.0" encoding="UTF-8"?>
<!-- Generated by org.testng.reporters.JUnitReportReporter -->
<testsuite skipped="8" hostname="BLRB1DT038" name="test.order.Create_Order" tests="8" failures="0" timestamp="17 May 2018 03:37:47 GMT" time="0.000" errors="0">
  <testcase name="CheckOrdertab" time="0.000" classname="test.order.Create_Order">
    <skipped/>
  </testcase> <!-- CheckOrdertab -->
  <testcase name="addvalidcustomer" time="0.000" classname="test.order.Create_Order">
    <skipped/>
  </testcase> <!-- addvalidcustomer -->
  <testcase name="addinvalidcustomer" time="0.000" classname="test.order.Create_Order">
    <skipped/>
  </testcase> <!-- addinvalidcustomer -->
  <testcase name="InValidCustomer" time="0.000" classname="test.order.Create_Order">
    <skipped/>
  </testcase> <!-- InValidCustomer -->
  <testcase name="WithoutPayment" time="0.000" classname="test.order.Create_Order">
    <skipped/>
  </testcase> <!-- WithoutPayment -->
  <testcase name="WithoutInstalltionPayment1" time="0.000" classname="test.order.Create_Order">
    <skipped/>
  </testcase> <!-- WithoutInstalltionPayment1 -->
  <testcase name="addvalidprerentalcustomer" time="0.000" classname="test.order.Create_Order">
    <skipped/>
  </testcase> <!-- addvalidprerentalcustomer -->
  <testcase name="WithoutInstalltion" time="0.000" classname="test.order.Create_Order">
    <skipped/>
  </testcase> <!-- WithoutInstalltion -->
</testsuite> <!-- test.order.Create_Order -->
