<?xml version="1.0" encoding="UTF-8"?>
<!-- Generated by org.testng.reporters.JUnitReportReporter -->
<testsuite skipped="2" hostname="BLRB1DT038" name="test.addcustomer.MultipleAddress$EditCustomer" tests="2" failures="0" timestamp="17 May 2018 03:37:47 GMT" time="0.000" errors="0">
  <testcase name="multipleaddresscustomer" time="0.000" classname="test.addcustomer.MultipleAddress$EditCustomer">
    <skipped/>
  </testcase> <!-- multipleaddresscustomer -->
  <testcase name="deleteaddresscustomer" time="0.000" classname="test.addcustomer.MultipleAddress$EditCustomer">
    <skipped/>
  </testcase> <!-- deleteaddresscustomer -->
</testsuite> <!-- test.addcustomer.MultipleAddress$EditCustomer -->
