<?xml version="1.0" encoding="UTF-8"?>
<!-- Generated by org.testng.reporters.JUnitReportReporter -->
<testsuite skipped="0" hostname="admin-PC" name="category.insert_category" tests="6" failures="0" timestamp="11 Sep 2017 06:59:22 GMT" time="16.443" errors="0">
  <testcase name="categoryadd" time="2.770" classname="category.insert_category"/>
  <testcase name="categoryaddwithparent" time="2.031" classname="category.insert_category"/>
  <testcase name="Special_Character_in_Column_method" time="2.419" classname="category.insert_category"/>
  <testcase name="Category_without_entering_the_Category_Name" time="2.362" classname="category.insert_category"/>
  <testcase name="Invalid_Category_Name" time="2.348" classname="category.insert_category"/>
  <testcase name="Cancel_functionality" time="4.513" classname="category.insert_category"/>
</testsuite> <!-- category.insert_category -->
