<?xml version="1.0" encoding="UTF-8"?>
<!-- Generated by org.testng.reporters.JUnitReportReporter -->
<testsuite skipped="25" hostname="BLRB1DT038" name="test.customer_region.Customer_Region_Add_Edit" tests="25" failures="0" timestamp="17 May 2018 03:37:47 GMT" time="0.000" errors="0">
  <testcase name="verify_sub_menu_under_sales" time="0.000" classname="test.customer_region.Customer_Region_Add_Edit">
    <skipped/>
  </testcase> <!-- verify_sub_menu_under_sales -->
  <testcase name="Verify_contents_of_customer_region" time="0.000" classname="test.customer_region.Customer_Region_Add_Edit">
    <skipped/>
  </testcase> <!-- Verify_contents_of_customer_region -->
  <testcase name="customer_region_creation" time="0.000" classname="test.customer_region.Customer_Region_Add_Edit">
    <skipped/>
  </testcase> <!-- customer_region_creation -->
  <testcase name="Verify_Insert_Customer_Region_without_entering_mandatory_fields" time="0.000" classname="test.customer_region.Customer_Region_Add_Edit">
    <skipped/>
  </testcase> <!-- Verify_Insert_Customer_Region_without_entering_mandatory_fields -->
  <testcase name="Verify_Insert_Customer_Region_without_selecting_Country_Name" time="0.000" classname="test.customer_region.Customer_Region_Add_Edit">
    <skipped/>
  </testcase> <!-- Verify_Insert_Customer_Region_without_selecting_Country_Name -->
  <testcase name="Insert_Customer_Region_without_selecting_State_Name" time="0.000" classname="test.customer_region.Customer_Region_Add_Edit">
    <skipped/>
  </testcase> <!-- Insert_Customer_Region_without_selecting_State_Name -->
  <testcase name="Insert_Customer_Region_without_selecting_Region_Name" time="0.000" classname="test.customer_region.Customer_Region_Add_Edit">
    <skipped/>
  </testcase> <!-- Insert_Customer_Region_without_selecting_Region_Name -->
  <testcase name="Insert_Customer_Region_with_invalid_inputs_in_Region_Name" time="0.000" classname="test.customer_region.Customer_Region_Add_Edit">
    <skipped/>
  </testcase> <!-- Insert_Customer_Region_with_invalid_inputs_in_Region_Name -->
  <testcase name="Insert_Customer_Region_without_entering_Region_Pin" time="0.000" classname="test.customer_region.Customer_Region_Add_Edit">
    <skipped/>
  </testcase> <!-- Insert_Customer_Region_without_entering_Region_Pin -->
  <testcase name="Insert_Customer_Region_invalid_inputs_in_Region_Pin" time="0.000" classname="test.customer_region.Customer_Region_Add_Edit">
    <skipped/>
  </testcase> <!-- Insert_Customer_Region_invalid_inputs_in_Region_Pin -->
  <testcase name="Insert_Customer_Region_for_duplicate_values_of_Region_Name" time="0.000" classname="test.customer_region.Customer_Region_Add_Edit">
    <skipped/>
  </testcase> <!-- Insert_Customer_Region_for_duplicate_values_of_Region_Name -->
  <testcase name="Insert_Customer_Region_for_duplicate_values_of_Region_Pin" time="0.000" classname="test.customer_region.Customer_Region_Add_Edit">
    <skipped/>
  </testcase> <!-- Insert_Customer_Region_for_duplicate_values_of_Region_Pin -->
  <testcase name="edit_Customer_Region" time="0.000" classname="test.customer_region.Customer_Region_Add_Edit">
    <skipped/>
  </testcase> <!-- edit_Customer_Region -->
  <testcase name="edit_Customer_Region_without_mandatory_fields" time="0.000" classname="test.customer_region.Customer_Region_Add_Edit">
    <skipped/>
  </testcase> <!-- edit_Customer_Region_without_mandatory_fields -->
  <testcase name="edit_Customer_Region_without_Country_Name" time="0.000" classname="test.customer_region.Customer_Region_Add_Edit">
    <skipped/>
  </testcase> <!-- edit_Customer_Region_without_Country_Name -->
  <testcase name="edit_Customer_Region_without_State_Name" time="0.000" classname="test.customer_region.Customer_Region_Add_Edit">
    <skipped/>
  </testcase> <!-- edit_Customer_Region_without_State_Name -->
  <testcase name="edit_Customer_Region_without_Region_Name" time="0.000" classname="test.customer_region.Customer_Region_Add_Edit">
    <skipped/>
  </testcase> <!-- edit_Customer_Region_without_Region_Name -->
  <testcase name="edit_Customer_Region_invalid_inputs_Region_Name" time="0.000" classname="test.customer_region.Customer_Region_Add_Edit">
    <skipped/>
  </testcase> <!-- edit_Customer_Region_invalid_inputs_Region_Name -->
  <testcase name="edit_Customer_Region_duplicate_values_Region_Name" time="0.000" classname="test.customer_region.Customer_Region_Add_Edit">
    <skipped/>
  </testcase> <!-- edit_Customer_Region_duplicate_values_Region_Name -->
  <testcase name="Delete_Customer_Region" time="0.000" classname="test.customer_region.Customer_Region_Add_Edit">
    <skipped/>
  </testcase> <!-- Delete_Customer_Region -->
  <testcase name="Delete_Customer_Region_without_selecting_value" time="0.000" classname="test.customer_region.Customer_Region_Add_Edit">
    <skipped/>
  </testcase> <!-- Delete_Customer_Region_without_selecting_value -->
  <testcase name="Delete_Customer_Region_selecting_multiple" time="0.000" classname="test.customer_region.Customer_Region_Add_Edit">
    <skipped/>
  </testcase> <!-- Delete_Customer_Region_selecting_multiple -->
  <testcase name="Set_Default_in_Customer_Region" time="0.000" classname="test.customer_region.Customer_Region_Add_Edit">
    <skipped/>
  </testcase> <!-- Set_Default_in_Customer_Region -->
  <testcase name="Set_Default_for_multiple_Customer_Region" time="0.000" classname="test.customer_region.Customer_Region_Add_Edit">
    <skipped/>
  </testcase> <!-- Set_Default_for_multiple_Customer_Region -->
  <testcase name="Set_Default_for_no_selection_Customer_Region" time="0.000" classname="test.customer_region.Customer_Region_Add_Edit">
    <skipped/>
  </testcase> <!-- Set_Default_for_no_selection_Customer_Region -->
</testsuite> <!-- test.customer_region.Customer_Region_Add_Edit -->
