<?xml version="1.0" encoding="UTF-8"?>
<!-- Generated by org.testng.reporters.JUnitReportReporter -->
<testsuite skipped="5" hostname="BLRB1DT038" name="test.ppv.Edit_ppv" tests="5" failures="0" timestamp="17 May 2018 03:37:47 GMT" time="0.000" errors="0">
  <testcase name="edit_new_ppv_with_valid_price" time="0.000" classname="test.ppv.Edit_ppv">
    <skipped/>
  </testcase> <!-- edit_new_ppv_with_valid_price -->
  <testcase name="edit_new_ppv_with_empty_price" time="0.000" classname="test.ppv.Edit_ppv">
    <skipped/>
  </testcase> <!-- edit_new_ppv_with_empty_price -->
  <testcase name="edit_new_ppv_with_invalid_price" time="0.000" classname="test.ppv.Edit_ppv">
    <skipped/>
  </testcase> <!-- edit_new_ppv_with_invalid_price -->
  <testcase name="edit_new_ppv_with_cancel" time="0.000" classname="test.ppv.Edit_ppv">
    <skipped/>
  </testcase> <!-- edit_new_ppv_with_cancel -->
  <testcase name="page_navigation_link" time="0.000" classname="test.ppv.Edit_ppv">
    <skipped/>
  </testcase> <!-- page_navigation_link -->
</testsuite> <!-- test.ppv.Edit_ppv -->
