<?xml version="1.0" encoding="UTF-8"?>
<!-- Generated by org.testng.reporters.JUnitReportReporter -->
<testsuite skipped="4" hostname="BLRB1DT038" name="test.order.PrintPDF" tests="4" failures="0" timestamp="17 May 2018 03:37:47 GMT" time="0.000" errors="0">
  <testcase name="PDFValidate" time="0.000" classname="test.order.PrintPDF">
    <skipped/>
  </testcase> <!-- PDFValidate -->
  <testcase name="CustomerValidate" time="0.000" classname="test.order.PrintPDF">
    <skipped/>
  </testcase> <!-- CustomerValidate -->
  <testcase name="Cancel" time="0.000" classname="test.order.PrintPDF">
    <skipped/>
  </testcase> <!-- Cancel -->
  <testcase name="PackageUrl" time="0.000" classname="test.order.PrintPDF">
    <skipped/>
  </testcase> <!-- PackageUrl -->
</testsuite> <!-- test.order.PrintPDF -->
