<?xml version="1.0" encoding="UTF-8"?>
<!-- Generated by org.testng.reporters.JUnitReportReporter -->
<testsuite skipped="3" hostname="BLRB1DT038" name="test.order.Search_Order" tests="3" failures="0" timestamp="17 May 2018 03:37:47 GMT" time="0.000" errors="0">
  <testcase name="SearchOrder" time="0.000" classname="test.order.Search_Order">
    <skipped/>
  </testcase> <!-- SearchOrder -->
  <testcase name="InValidSearchOrder" time="0.000" classname="test.order.Search_Order">
    <skipped/>
  </testcase> <!-- InValidSearchOrder -->
  <testcase name="ViewOrder" time="0.000" classname="test.order.Search_Order">
    <skipped/>
  </testcase> <!-- ViewOrder -->
</testsuite> <!-- test.order.Search_Order -->
