<?xml version="1.0" encoding="UTF-8"?>
<!-- Generated by org.testng.reporters.JUnitReportReporter -->
<testsuite skipped="0" hostname="deepak" name="category.edit_category" tests="1" failures="0" timestamp="11 Sep 2017 05:45:39 GMT" time="17.131" errors="0">
  <testcase name="validtest" time="17.131" classname="category.edit_category"/>
</testsuite> <!-- category.edit_category -->
