<?xml version="1.0" encoding="UTF-8"?>
<!-- Generated by org.testng.reporters.JUnitReportReporter -->
<testsuite skipped="6" hostname="BLRB1DT038" name="test.STB_Pairing.STB_Pairing" tests="6" failures="0" timestamp="17 May 2018 03:37:47 GMT" time="0.000" errors="0">
  <testcase name="Validate_STB_Pairing_with_Deactivate_STB" time="0.000" classname="test.STB_Pairing.STB_Pairing">
    <skipped/>
  </testcase> <!-- Validate_STB_Pairing_with_Deactivate_STB -->
  <testcase name="Validate_STB_Pairing_with_Activate_STB" time="0.000" classname="test.STB_Pairing.STB_Pairing">
    <skipped/>
  </testcase> <!-- Validate_STB_Pairing_with_Activate_STB -->
  <testcase name="Validate_STB_Pairing_with_Invalid_STB" time="0.000" classname="test.STB_Pairing.STB_Pairing">
    <skipped/>
  </testcase> <!-- Validate_STB_Pairing_with_Invalid_STB -->
  <testcase name="Validate_STB_Pairing_without_STB" time="0.000" classname="test.STB_Pairing.STB_Pairing">
    <skipped/>
  </testcase> <!-- Validate_STB_Pairing_without_STB -->
  <testcase name="Validate_Last_Page" time="0.000" classname="test.STB_Pairing.STB_Pairing">
    <skipped/>
  </testcase> <!-- Validate_Last_Page -->
  <testcase name="Validate_First_Page" time="0.000" classname="test.STB_Pairing.STB_Pairing">
    <skipped/>
  </testcase> <!-- Validate_First_Page -->
</testsuite> <!-- test.STB_Pairing.STB_Pairing -->
