<?xml version="1.0" encoding="UTF-8"?>
<!-- Generated by org.testng.reporters.JUnitReportReporter -->
<testsuite skipped="3" hostname="BLRB1DT038" name="test.addcustomer.Approve" tests="3" failures="0" timestamp="17 May 2018 03:37:47 GMT" time="0.000" errors="0">
  <testcase name="WithoutSelectApproved" time="0.000" classname="test.addcustomer.Approve">
    <skipped/>
  </testcase> <!-- WithoutSelectApproved -->
  <testcase name="Approved1" time="0.000" classname="test.addcustomer.Approve">
    <skipped/>
  </testcase> <!-- Approved1 -->
  <testcase name="Approved" time="0.000" classname="test.addcustomer.Approve">
    <skipped/>
  </testcase> <!-- Approved -->
</testsuite> <!-- test.addcustomer.Approve -->
