<?xml version="1.0" encoding="UTF-8"?>
<!-- Generated by org.testng.reporters.JUnitReportReporter -->
<testsuite skipped="9" hostname="BLRB1DT038" name="test.quick_search.quick_search" tests="9" failures="0" timestamp="17 May 2018 03:37:47 GMT" time="0.000" errors="0">
  <testcase name="Verify_search_criteria_drop_down_options" time="0.000" classname="test.quick_search.quick_search">
    <skipped/>
  </testcase> <!-- Verify_search_criteria_drop_down_options -->
  <testcase name="Verify_Get_details_by_selecting_search_criteria_Customer_No_and_by_giving_valid_input" time="0.000" classname="test.quick_search.quick_search">
    <skipped/>
  </testcase> <!-- Verify_Get_details_by_selecting_search_criteria_Customer_No_and_by_giving_valid_input -->
  <testcase name="Verify_Get_details_by_selecting_search_criteria_Customer_Name_and_by_giving_valid_input" time="0.000" classname="test.quick_search.quick_search">
    <skipped/>
  </testcase> <!-- Verify_Get_details_by_selecting_search_criteria_Customer_Name_and_by_giving_valid_input -->
  <testcase name="Verify_Get_details_by_selecting_search_criteria_STB_NO_and_by_giving_valid_input" time="0.000" classname="test.quick_search.quick_search">
    <skipped/>
  </testcase> <!-- Verify_Get_details_by_selecting_search_criteria_STB_NO_and_by_giving_valid_input -->
  <testcase name="Verify_Get_details_by_selecting_search_criteria_mobile_no_and_by_giving_valid_input" time="0.000" classname="test.quick_search.quick_search">
    <skipped/>
  </testcase> <!-- Verify_Get_details_by_selecting_search_criteria_mobile_no_and_by_giving_valid_input -->
  <testcase name="Verify_Get_details_by_selecting_search_criteria_address_and_by_giving_valid_input" time="0.000" classname="test.quick_search.quick_search">
    <skipped/>
  </testcase> <!-- Verify_Get_details_by_selecting_search_criteria_address_and_by_giving_valid_input -->
  <testcase name="Verify_Get_details_by_selecting_search_criteria_operator_and_by_giving_valid_input" time="0.000" classname="test.quick_search.quick_search">
    <skipped/>
  </testcase> <!-- Verify_Get_details_by_selecting_search_criteria_operator_and_by_giving_valid_input -->
  <testcase name="search_by_invalid_data" time="0.000" classname="test.quick_search.quick_search">
    <skipped/>
  </testcase> <!-- search_by_invalid_data -->
  <testcase name="Verify_pagination_in_Search_page" time="0.000" classname="test.quick_search.quick_search">
    <skipped/>
  </testcase> <!-- Verify_pagination_in_Search_page -->
</testsuite> <!-- test.quick_search.quick_search -->
